{
  "RSpec": {
    "coverage": {
      "/home/capable-acrobat-0355/tic-tac-toe-rb-online-web-sp-000/lib/tic_tac_toe.rb": [
        null,
        null,
        1,
        null,
        null,
        null,
        null,
        null,
        null,
        null,
        null,
        null,
        null,
        null,
        1,
        25,
        25,
        25,
        25,
        25,
        null,
        null,
        1,
        24,
        null,
        null,
        1,
        24,
        null,
        null,
        1,
        23,
        null,
        null,
        1,
        26,
        null,
        null,
        1,
        21,
        21,
        21,
        21,
        20,
        20,
        null,
        1,
        null,
        null,
        null,
        1,
        22,
        220,
        22,
        null,
        null,
        1,
        21,
        null,
        null,
        1,
        146,
        null,
        null,
        1,
        290,
        null,
        null,
        1,
        42,
        null,
        null,
        1,
        50,
        null,
        50,
        289,
        21,
        268,
        7,
        null,
        261,
        null,
        null,
        22,
        null,
        null,
        1,
        41,
        null,
        9,
        null,
        0,
        null,
        0,
        null,
        0,
        null,
        6,
        null,
        null,
        null,
        1,
        22,
        18,
        12,
        null,
        null,
        1,
        18,
        null,
        15,
        10,
        10,
        null,
        null,
        null,
        1,
        12,
        18,
        null,
        12,
        5,
        null,
        7,
        null,
        null,
        null,
        null,
        null,
        null,
        null,
        null
      ]
    },
    "timestamp": 1606701880
  }
}
